

================================================================
== Vitis HLS Report for 'syfala'
================================================================
* Date:           Fri Jul 26 21:17:51 2024

* Version:        2024.1 (Build 5069499 on May 21 2024)
* Project:        syfala_ip
* Solution:       syfala (Vivado IP Flow Target)
* Product family: zynq
* Target device:  xc7z100-ffg900-1


================================================================
== Performance Estimates
================================================================
+ Timing: 
    * Summary: 
    +--------+---------+----------+------------+
    |  Clock |  Target | Estimated| Uncertainty|
    +--------+---------+----------+------------+
    |ap_clk  |  8.14 ns|  9.184 ns|     2.20 ns|
    +--------+---------+----------+------------+

+ Latency: 
    * Summary: 
    +---------+---------+----------+----------+-----+--------+---------+
    |  Latency (cycles) |  Latency (absolute) |   Interval   | Pipeline|
    |   min   |   max   |    min   |    max   | min |   max  |   Type  |
    +---------+---------+----------+----------+-----+--------+---------+
    |        1|   847762|  9.184 ns|  7.786 ms|    2|  847763|       no|
    +---------+---------+----------+----------+-----+--------+---------+

    + Detail: 
        * Instance: 
        +------------------------------------------------------------+-------------------------------------------------+---------+---------+----------+----------+--------+--------+-----------------------------------------------+
        |                                                            |                                                 |  Latency (cycles) |  Latency (absolute) |     Interval    |                    Pipeline                   |
        |                          Instance                          |                      Module                     |   min   |   max   |    min   |    max   |   min  |   max  |                      Type                     |
        +------------------------------------------------------------+-------------------------------------------------+---------+---------+----------+----------+--------+--------+-----------------------------------------------+
        |grp_syfala_Pipeline_1_fu_433                                |syfala_Pipeline_1                                |      515|      515|  4.191 us|  4.191 us|     513|     513|  loop auto-rewind stp(delay=0 clock cycles(s))|
        |grp_syfala_Pipeline_VITIS_LOOP_49_1_fu_585                  |syfala_Pipeline_VITIS_LOOP_49_1                  |   846158|   846158|  7.771 ms|  7.771 ms|  840007|  840007|  loop auto-rewind stp(delay=0 clock cycles(s))|
        |grp_syfala_Pipeline_VITIS_LOOP_72_3_VITIS_LOOP_73_4_fu_672  |syfala_Pipeline_VITIS_LOOP_72_3_VITIS_LOOP_73_4  |     1048|     1048|  8.529 us|  8.529 us|    1025|    1025|  loop auto-rewind stp(delay=0 clock cycles(s))|
        +------------------------------------------------------------+-------------------------------------------------+---------+---------+----------+----------+--------+--------+-----------------------------------------------+

        * Loop: 
        N/A



================================================================
== Utilization Estimates
================================================================
* Summary: 
+-----------------+---------+------+--------+--------+-----+
|       Name      | BRAM_18K|  DSP |   FF   |   LUT  | URAM|
+-----------------+---------+------+--------+--------+-----+
|DSP              |        -|     -|       -|       -|    -|
|Expression       |        -|     -|       0|      43|    -|
|FIFO             |        -|     -|       -|       -|    -|
|Instance         |      541|   818|  179049|  215531|    0|
|Memory           |        0|     -|    4736|     296|    0|
|Multiplexer      |        -|     -|       0|    6070|    -|
|Register         |        -|     -|     112|       -|    -|
+-----------------+---------+------+--------+--------+-----+
|Total            |      541|   818|  183897|  221940|    0|
+-----------------+---------+------+--------+--------+-----+
|Available        |     1510|  2020|  554800|  277400|    0|
+-----------------+---------+------+--------+--------+-----+
|Utilization (%)  |       35|    40|      33|      80|    0|
+-----------------+---------+------+--------+--------+-----+

+ Detail: 
    * Instance: 
    +------------------------------------------------------------+-------------------------------------------------+---------+-----+--------+--------+-----+
    |                          Instance                          |                      Module                     | BRAM_18K| DSP |   FF   |   LUT  | URAM|
    +------------------------------------------------------------+-------------------------------------------------+---------+-----+--------+--------+-----+
    |control_s_axi_U                                             |control_s_axi                                    |        0|    0|     278|     488|    0|
    |fmul_32ns_32ns_32_4_max_dsp_1_U612                          |fmul_32ns_32ns_32_4_max_dsp_1                    |        0|    3|     143|     321|    0|
    |ram_m_axi_U                                                 |ram_m_axi                                        |       29|    0|    1574|    1662|    0|
    |grp_syfala_Pipeline_1_fu_433                                |syfala_Pipeline_1                                |        0|    0|      45|     144|    0|
    |grp_syfala_Pipeline_VITIS_LOOP_49_1_fu_585                  |syfala_Pipeline_VITIS_LOOP_49_1                  |      512|  814|  176350|  211796|    0|
    |grp_syfala_Pipeline_VITIS_LOOP_72_3_VITIS_LOOP_73_4_fu_672  |syfala_Pipeline_VITIS_LOOP_72_3_VITIS_LOOP_73_4  |        0|    1|     659|    1120|    0|
    +------------------------------------------------------------+-------------------------------------------------+---------+-----+--------+--------+-----+
    |Total                                                       |                                                 |      541|  818|  179049|  215531|    0|
    +------------------------------------------------------------+-------------------------------------------------+---------+-----+--------+--------+-----+

    * DSP: 
    N/A

    * Memory: 
    +-------------+-------------------------+---------+----+----+-----+------+-----+------+-------------+
    |    Memory   |          Module         | BRAM_18K| FF | LUT| URAM| Words| Bits| Banks| W*Bits*Banks|
    +-------------+-------------------------+---------+----+----+-----+------+-----+------+-------------+
    |output_68_U  |output_68_RAM_AUTO_1R1W  |        0|  64|   4|    0|     7|   32|     1|          224|
    |output_69_U  |output_68_RAM_AUTO_1R1W  |        0|  64|   4|    0|     7|   32|     1|          224|
    |output_70_U  |output_68_RAM_AUTO_1R1W  |        0|  64|   4|    0|     7|   32|     1|          224|
    |output_71_U  |output_68_RAM_AUTO_1R1W  |        0|  64|   4|    0|     7|   32|     1|          224|
    |output_72_U  |output_68_RAM_AUTO_1R1W  |        0|  64|   4|    0|     7|   32|     1|          224|
    |output_73_U  |output_68_RAM_AUTO_1R1W  |        0|  64|   4|    0|     7|   32|     1|          224|
    |output_U     |output_RAM_AUTO_1R1W     |        0|  64|   4|    0|     7|   32|     1|          224|
    |output_1_U   |output_RAM_AUTO_1R1W     |        0|  64|   4|    0|     7|   32|     1|          224|
    |output_2_U   |output_RAM_AUTO_1R1W     |        0|  64|   4|    0|     7|   32|     1|          224|
    |output_3_U   |output_RAM_AUTO_1R1W     |        0|  64|   4|    0|     7|   32|     1|          224|
    |output_4_U   |output_RAM_AUTO_1R1W     |        0|  64|   4|    0|     7|   32|     1|          224|
    |output_5_U   |output_RAM_AUTO_1R1W     |        0|  64|   4|    0|     7|   32|     1|          224|
    |output_6_U   |output_RAM_AUTO_1R1W     |        0|  64|   4|    0|     7|   32|     1|          224|
    |output_7_U   |output_RAM_AUTO_1R1W     |        0|  64|   4|    0|     7|   32|     1|          224|
    |output_8_U   |output_RAM_AUTO_1R1W     |        0|  64|   4|    0|     7|   32|     1|          224|
    |output_9_U   |output_RAM_AUTO_1R1W     |        0|  64|   4|    0|     7|   32|     1|          224|
    |output_10_U  |output_RAM_AUTO_1R1W     |        0|  64|   4|    0|     7|   32|     1|          224|
    |output_11_U  |output_RAM_AUTO_1R1W     |        0|  64|   4|    0|     7|   32|     1|          224|
    |output_12_U  |output_RAM_AUTO_1R1W     |        0|  64|   4|    0|     7|   32|     1|          224|
    |output_13_U  |output_RAM_AUTO_1R1W     |        0|  64|   4|    0|     7|   32|     1|          224|
    |output_14_U  |output_RAM_AUTO_1R1W     |        0|  64|   4|    0|     7|   32|     1|          224|
    |output_15_U  |output_RAM_AUTO_1R1W     |        0|  64|   4|    0|     7|   32|     1|          224|
    |output_16_U  |output_RAM_AUTO_1R1W     |        0|  64|   4|    0|     7|   32|     1|          224|
    |output_17_U  |output_RAM_AUTO_1R1W     |        0|  64|   4|    0|     7|   32|     1|          224|
    |output_18_U  |output_RAM_AUTO_1R1W     |        0|  64|   4|    0|     7|   32|     1|          224|
    |output_19_U  |output_RAM_AUTO_1R1W     |        0|  64|   4|    0|     7|   32|     1|          224|
    |output_20_U  |output_RAM_AUTO_1R1W     |        0|  64|   4|    0|     7|   32|     1|          224|
    |output_21_U  |output_RAM_AUTO_1R1W     |        0|  64|   4|    0|     7|   32|     1|          224|
    |output_22_U  |output_RAM_AUTO_1R1W     |        0|  64|   4|    0|     7|   32|     1|          224|
    |output_23_U  |output_RAM_AUTO_1R1W     |        0|  64|   4|    0|     7|   32|     1|          224|
    |output_24_U  |output_RAM_AUTO_1R1W     |        0|  64|   4|    0|     7|   32|     1|          224|
    |output_25_U  |output_RAM_AUTO_1R1W     |        0|  64|   4|    0|     7|   32|     1|          224|
    |output_26_U  |output_RAM_AUTO_1R1W     |        0|  64|   4|    0|     7|   32|     1|          224|
    |output_27_U  |output_RAM_AUTO_1R1W     |        0|  64|   4|    0|     7|   32|     1|          224|
    |output_28_U  |output_RAM_AUTO_1R1W     |        0|  64|   4|    0|     7|   32|     1|          224|
    |output_29_U  |output_RAM_AUTO_1R1W     |        0|  64|   4|    0|     7|   32|     1|          224|
    |output_30_U  |output_RAM_AUTO_1R1W     |        0|  64|   4|    0|     7|   32|     1|          224|
    |output_31_U  |output_RAM_AUTO_1R1W     |        0|  64|   4|    0|     7|   32|     1|          224|
    |output_32_U  |output_RAM_AUTO_1R1W     |        0|  64|   4|    0|     7|   32|     1|          224|
    |output_33_U  |output_RAM_AUTO_1R1W     |        0|  64|   4|    0|     7|   32|     1|          224|
    |output_34_U  |output_RAM_AUTO_1R1W     |        0|  64|   4|    0|     7|   32|     1|          224|
    |output_35_U  |output_RAM_AUTO_1R1W     |        0|  64|   4|    0|     7|   32|     1|          224|
    |output_36_U  |output_RAM_AUTO_1R1W     |        0|  64|   4|    0|     7|   32|     1|          224|
    |output_37_U  |output_RAM_AUTO_1R1W     |        0|  64|   4|    0|     7|   32|     1|          224|
    |output_38_U  |output_RAM_AUTO_1R1W     |        0|  64|   4|    0|     7|   32|     1|          224|
    |output_39_U  |output_RAM_AUTO_1R1W     |        0|  64|   4|    0|     7|   32|     1|          224|
    |output_40_U  |output_RAM_AUTO_1R1W     |        0|  64|   4|    0|     7|   32|     1|          224|
    |output_41_U  |output_RAM_AUTO_1R1W     |        0|  64|   4|    0|     7|   32|     1|          224|
    |output_42_U  |output_RAM_AUTO_1R1W     |        0|  64|   4|    0|     7|   32|     1|          224|
    |output_43_U  |output_RAM_AUTO_1R1W     |        0|  64|   4|    0|     7|   32|     1|          224|
    |output_44_U  |output_RAM_AUTO_1R1W     |        0|  64|   4|    0|     7|   32|     1|          224|
    |output_45_U  |output_RAM_AUTO_1R1W     |        0|  64|   4|    0|     7|   32|     1|          224|
    |output_46_U  |output_RAM_AUTO_1R1W     |        0|  64|   4|    0|     7|   32|     1|          224|
    |output_47_U  |output_RAM_AUTO_1R1W     |        0|  64|   4|    0|     7|   32|     1|          224|
    |output_48_U  |output_RAM_AUTO_1R1W     |        0|  64|   4|    0|     7|   32|     1|          224|
    |output_49_U  |output_RAM_AUTO_1R1W     |        0|  64|   4|    0|     7|   32|     1|          224|
    |output_50_U  |output_RAM_AUTO_1R1W     |        0|  64|   4|    0|     7|   32|     1|          224|
    |output_51_U  |output_RAM_AUTO_1R1W     |        0|  64|   4|    0|     7|   32|     1|          224|
    |output_52_U  |output_RAM_AUTO_1R1W     |        0|  64|   4|    0|     7|   32|     1|          224|
    |output_53_U  |output_RAM_AUTO_1R1W     |        0|  64|   4|    0|     7|   32|     1|          224|
    |output_54_U  |output_RAM_AUTO_1R1W     |        0|  64|   4|    0|     7|   32|     1|          224|
    |output_55_U  |output_RAM_AUTO_1R1W     |        0|  64|   4|    0|     7|   32|     1|          224|
    |output_56_U  |output_RAM_AUTO_1R1W     |        0|  64|   4|    0|     7|   32|     1|          224|
    |output_57_U  |output_RAM_AUTO_1R1W     |        0|  64|   4|    0|     7|   32|     1|          224|
    |output_58_U  |output_RAM_AUTO_1R1W     |        0|  64|   4|    0|     7|   32|     1|          224|
    |output_59_U  |output_RAM_AUTO_1R1W     |        0|  64|   4|    0|     7|   32|     1|          224|
    |output_60_U  |output_RAM_AUTO_1R1W     |        0|  64|   4|    0|     7|   32|     1|          224|
    |output_61_U  |output_RAM_AUTO_1R1W     |        0|  64|   4|    0|     7|   32|     1|          224|
    |output_62_U  |output_RAM_AUTO_1R1W     |        0|  64|   4|    0|     7|   32|     1|          224|
    |output_63_U  |output_RAM_AUTO_1R1W     |        0|  64|   4|    0|     7|   32|     1|          224|
    |output_64_U  |output_RAM_AUTO_1R1W     |        0|  64|   4|    0|     7|   32|     1|          224|
    |output_65_U  |output_RAM_AUTO_1R1W     |        0|  64|   4|    0|     7|   32|     1|          224|
    |output_66_U  |output_RAM_AUTO_1R1W     |        0|  64|   4|    0|     7|   32|     1|          224|
    |output_67_U  |output_RAM_AUTO_1R1W     |        0|  64|   4|    0|     7|   32|     1|          224|
    +-------------+-------------------------+---------+----+----+-----+------+-----+------+-------------+
    |Total        |                         |        0|4736| 296|    0|   518| 2368|    74|        16576|
    +-------------+-------------------------+---------+----+----+-----+------+-----+------+-------------+

    * FIFO: 
    N/A

    * Expression: 
    +----------------------------------+----------+----+---+----+------------+------------+
    |           Variable Name          | Operation| DSP| FF| LUT| Bitwidth P0| Bitwidth P1|
    +----------------------------------+----------+----+---+----+------------+------------+
    |ap_block_state42_on_subcall_done  |       and|   0|  0|   2|           1|           1|
    |ap_condition_2310                 |       and|   0|  0|   2|           1|           1|
    |icmp_ln35_fu_754_p2               |      icmp|   0|  0|  39|          32|           1|
    +----------------------------------+----------+----+---+----+------------+------------+
    |Total                             |          |   0|  0|  43|          34|           3|
    +----------------------------------+----------+----+---+----+------------+------------+

    * Multiplexer: 
    +---------------------------------------------------------------------------------+-----+-----------+-----+-----------+
    |                                       Name                                      | LUT | Input Size| Bits| Total Bits|
    +---------------------------------------------------------------------------------+-----+-----------+-----+-----------+
    |ap_NS_fsm                                                                        |  189|         43|    1|         43|
    |audio_out_0_write                                                                |    9|          2|    1|          2|
    |audio_out_1_write                                                                |    9|          2|    1|          2|
    |grp_fu_808_ce                                                                    |   14|          3|    1|          3|
    |grp_fu_808_p0                                                                    |   14|          3|   32|         96|
    |grp_fu_808_p1                                                                    |   14|          3|   32|         96|
    |output_10_address0                                                               |   20|          4|    3|         12|
    |output_10_ce0                                                                    |   20|          4|    1|          4|
    |output_10_ce1                                                                    |    9|          2|    1|          2|
    |output_10_d0                                                                     |   14|          3|   32|         96|
    |output_10_we0                                                                    |   14|          3|    1|          3|
    |output_11_address0                                                               |   20|          4|    3|         12|
    |output_11_ce0                                                                    |   20|          4|    1|          4|
    |output_11_ce1                                                                    |    9|          2|    1|          2|
    |output_11_d0                                                                     |   14|          3|   32|         96|
    |output_11_we0                                                                    |   14|          3|    1|          3|
    |output_12_address0                                                               |   20|          4|    3|         12|
    |output_12_ce0                                                                    |   20|          4|    1|          4|
    |output_12_ce1                                                                    |    9|          2|    1|          2|
    |output_12_d0                                                                     |   14|          3|   32|         96|
    |output_12_we0                                                                    |   14|          3|    1|          3|
    |output_13_address0                                                               |   20|          4|    3|         12|
    |output_13_ce0                                                                    |   20|          4|    1|          4|
    |output_13_ce1                                                                    |    9|          2|    1|          2|
    |output_13_d0                                                                     |   14|          3|   32|         96|
    |output_13_we0                                                                    |   14|          3|    1|          3|
    |output_14_address0                                                               |   20|          4|    3|         12|
    |output_14_ce0                                                                    |   20|          4|    1|          4|
    |output_14_ce1                                                                    |    9|          2|    1|          2|
    |output_14_d0                                                                     |   14|          3|   32|         96|
    |output_14_we0                                                                    |   14|          3|    1|          3|
    |output_15_address0                                                               |   20|          4|    3|         12|
    |output_15_ce0                                                                    |   20|          4|    1|          4|
    |output_15_ce1                                                                    |    9|          2|    1|          2|
    |output_15_d0                                                                     |   14|          3|   32|         96|
    |output_15_we0                                                                    |   14|          3|    1|          3|
    |output_16_address0                                                               |   20|          4|    3|         12|
    |output_16_ce0                                                                    |   20|          4|    1|          4|
    |output_16_ce1                                                                    |    9|          2|    1|          2|
    |output_16_d0                                                                     |   14|          3|   32|         96|
    |output_16_we0                                                                    |   14|          3|    1|          3|
    |output_17_address0                                                               |   20|          4|    3|         12|
    |output_17_ce0                                                                    |   20|          4|    1|          4|
    |output_17_ce1                                                                    |    9|          2|    1|          2|
    |output_17_d0                                                                     |   14|          3|   32|         96|
    |output_17_we0                                                                    |   14|          3|    1|          3|
    |output_18_address0                                                               |   20|          4|    3|         12|
    |output_18_ce0                                                                    |   20|          4|    1|          4|
    |output_18_ce1                                                                    |    9|          2|    1|          2|
    |output_18_d0                                                                     |   14|          3|   32|         96|
    |output_18_we0                                                                    |   14|          3|    1|          3|
    |output_19_address0                                                               |   20|          4|    3|         12|
    |output_19_ce0                                                                    |   20|          4|    1|          4|
    |output_19_ce1                                                                    |    9|          2|    1|          2|
    |output_19_d0                                                                     |   14|          3|   32|         96|
    |output_19_we0                                                                    |   14|          3|    1|          3|
    |output_1_address0                                                                |   20|          4|    3|         12|
    |output_1_ce0                                                                     |   20|          4|    1|          4|
    |output_1_ce1                                                                     |    9|          2|    1|          2|
    |output_1_d0                                                                      |   14|          3|   32|         96|
    |output_1_we0                                                                     |   14|          3|    1|          3|
    |output_20_address0                                                               |   20|          4|    3|         12|
    |output_20_ce0                                                                    |   20|          4|    1|          4|
    |output_20_ce1                                                                    |    9|          2|    1|          2|
    |output_20_d0                                                                     |   14|          3|   32|         96|
    |output_20_we0                                                                    |   14|          3|    1|          3|
    |output_21_address0                                                               |   20|          4|    3|         12|
    |output_21_ce0                                                                    |   20|          4|    1|          4|
    |output_21_ce1                                                                    |    9|          2|    1|          2|
    |output_21_d0                                                                     |   14|          3|   32|         96|
    |output_21_we0                                                                    |   14|          3|    1|          3|
    |output_22_address0                                                               |   20|          4|    3|         12|
    |output_22_ce0                                                                    |   20|          4|    1|          4|
    |output_22_ce1                                                                    |    9|          2|    1|          2|
    |output_22_d0                                                                     |   14|          3|   32|         96|
    |output_22_we0                                                                    |   14|          3|    1|          3|
    |output_23_address0                                                               |   20|          4|    3|         12|
    |output_23_ce0                                                                    |   20|          4|    1|          4|
    |output_23_ce1                                                                    |    9|          2|    1|          2|
    |output_23_d0                                                                     |   14|          3|   32|         96|
    |output_23_we0                                                                    |   14|          3|    1|          3|
    |output_24_address0                                                               |   20|          4|    3|         12|
    |output_24_ce0                                                                    |   20|          4|    1|          4|
    |output_24_ce1                                                                    |    9|          2|    1|          2|
    |output_24_d0                                                                     |   14|          3|   32|         96|
    |output_24_we0                                                                    |   14|          3|    1|          3|
    |output_25_address0                                                               |   20|          4|    3|         12|
    |output_25_ce0                                                                    |   20|          4|    1|          4|
    |output_25_ce1                                                                    |    9|          2|    1|          2|
    |output_25_d0                                                                     |   14|          3|   32|         96|
    |output_25_we0                                                                    |   14|          3|    1|          3|
    |output_26_address0                                                               |   20|          4|    3|         12|
    |output_26_ce0                                                                    |   20|          4|    1|          4|
    |output_26_ce1                                                                    |    9|          2|    1|          2|
    |output_26_d0                                                                     |   14|          3|   32|         96|
    |output_26_we0                                                                    |   14|          3|    1|          3|
    |output_27_address0                                                               |   20|          4|    3|         12|
    |output_27_ce0                                                                    |   20|          4|    1|          4|
    |output_27_ce1                                                                    |    9|          2|    1|          2|
    |output_27_d0                                                                     |   14|          3|   32|         96|
    |output_27_we0                                                                    |   14|          3|    1|          3|
    |output_28_address0                                                               |   20|          4|    3|         12|
    |output_28_ce0                                                                    |   20|          4|    1|          4|
    |output_28_ce1                                                                    |    9|          2|    1|          2|
    |output_28_d0                                                                     |   14|          3|   32|         96|
    |output_28_we0                                                                    |   14|          3|    1|          3|
    |output_29_address0                                                               |   20|          4|    3|         12|
    |output_29_ce0                                                                    |   20|          4|    1|          4|
    |output_29_ce1                                                                    |    9|          2|    1|          2|
    |output_29_d0                                                                     |   14|          3|   32|         96|
    |output_29_we0                                                                    |   14|          3|    1|          3|
    |output_2_address0                                                                |   20|          4|    3|         12|
    |output_2_ce0                                                                     |   20|          4|    1|          4|
    |output_2_ce1                                                                     |    9|          2|    1|          2|
    |output_2_d0                                                                      |   14|          3|   32|         96|
    |output_2_we0                                                                     |   14|          3|    1|          3|
    |output_30_address0                                                               |   20|          4|    3|         12|
    |output_30_ce0                                                                    |   20|          4|    1|          4|
    |output_30_ce1                                                                    |    9|          2|    1|          2|
    |output_30_d0                                                                     |   14|          3|   32|         96|
    |output_30_we0                                                                    |   14|          3|    1|          3|
    |output_31_address0                                                               |   20|          4|    3|         12|
    |output_31_ce0                                                                    |   20|          4|    1|          4|
    |output_31_ce1                                                                    |    9|          2|    1|          2|
    |output_31_d0                                                                     |   14|          3|   32|         96|
    |output_31_we0                                                                    |   14|          3|    1|          3|
    |output_32_address0                                                               |   20|          4|    3|         12|
    |output_32_ce0                                                                    |   20|          4|    1|          4|
    |output_32_ce1                                                                    |    9|          2|    1|          2|
    |output_32_d0                                                                     |   14|          3|   32|         96|
    |output_32_we0                                                                    |   14|          3|    1|          3|
    |output_33_address0                                                               |   20|          4|    3|         12|
    |output_33_ce0                                                                    |   20|          4|    1|          4|
    |output_33_ce1                                                                    |    9|          2|    1|          2|
    |output_33_d0                                                                     |   14|          3|   32|         96|
    |output_33_we0                                                                    |   14|          3|    1|          3|
    |output_34_address0                                                               |   20|          4|    3|         12|
    |output_34_ce0                                                                    |   20|          4|    1|          4|
    |output_34_ce1                                                                    |    9|          2|    1|          2|
    |output_34_d0                                                                     |   14|          3|   32|         96|
    |output_34_we0                                                                    |   14|          3|    1|          3|
    |output_35_address0                                                               |   20|          4|    3|         12|
    |output_35_ce0                                                                    |   20|          4|    1|          4|
    |output_35_ce1                                                                    |    9|          2|    1|          2|
    |output_35_d0                                                                     |   14|          3|   32|         96|
    |output_35_we0                                                                    |   14|          3|    1|          3|
    |output_36_address0                                                               |   20|          4|    3|         12|
    |output_36_ce0                                                                    |   20|          4|    1|          4|
    |output_36_ce1                                                                    |    9|          2|    1|          2|
    |output_36_d0                                                                     |   14|          3|   32|         96|
    |output_36_we0                                                                    |   14|          3|    1|          3|
    |output_37_address0                                                               |   20|          4|    3|         12|
    |output_37_ce0                                                                    |   20|          4|    1|          4|
    |output_37_ce1                                                                    |    9|          2|    1|          2|
    |output_37_d0                                                                     |   14|          3|   32|         96|
    |output_37_we0                                                                    |   14|          3|    1|          3|
    |output_38_address0                                                               |   20|          4|    3|         12|
    |output_38_ce0                                                                    |   20|          4|    1|          4|
    |output_38_ce1                                                                    |    9|          2|    1|          2|
    |output_38_d0                                                                     |   14|          3|   32|         96|
    |output_38_we0                                                                    |   14|          3|    1|          3|
    |output_39_address0                                                               |   20|          4|    3|         12|
    |output_39_ce0                                                                    |   20|          4|    1|          4|
    |output_39_ce1                                                                    |    9|          2|    1|          2|
    |output_39_d0                                                                     |   14|          3|   32|         96|
    |output_39_we0                                                                    |   14|          3|    1|          3|
    |output_3_address0                                                                |   20|          4|    3|         12|
    |output_3_ce0                                                                     |   20|          4|    1|          4|
    |output_3_ce1                                                                     |    9|          2|    1|          2|
    |output_3_d0                                                                      |   14|          3|   32|         96|
    |output_3_we0                                                                     |   14|          3|    1|          3|
    |output_40_address0                                                               |   20|          4|    3|         12|
    |output_40_ce0                                                                    |   20|          4|    1|          4|
    |output_40_ce1                                                                    |    9|          2|    1|          2|
    |output_40_d0                                                                     |   14|          3|   32|         96|
    |output_40_we0                                                                    |   14|          3|    1|          3|
    |output_41_address0                                                               |   20|          4|    3|         12|
    |output_41_ce0                                                                    |   20|          4|    1|          4|
    |output_41_ce1                                                                    |    9|          2|    1|          2|
    |output_41_d0                                                                     |   14|          3|   32|         96|
    |output_41_we0                                                                    |   14|          3|    1|          3|
    |output_42_address0                                                               |   20|          4|    3|         12|
    |output_42_ce0                                                                    |   20|          4|    1|          4|
    |output_42_ce1                                                                    |    9|          2|    1|          2|
    |output_42_d0                                                                     |   14|          3|   32|         96|
    |output_42_we0                                                                    |   14|          3|    1|          3|
    |output_43_address0                                                               |   20|          4|    3|         12|
    |output_43_ce0                                                                    |   20|          4|    1|          4|
    |output_43_ce1                                                                    |    9|          2|    1|          2|
    |output_43_d0                                                                     |   14|          3|   32|         96|
    |output_43_we0                                                                    |   14|          3|    1|          3|
    |output_44_address0                                                               |   20|          4|    3|         12|
    |output_44_ce0                                                                    |   20|          4|    1|          4|
    |output_44_ce1                                                                    |    9|          2|    1|          2|
    |output_44_d0                                                                     |   14|          3|   32|         96|
    |output_44_we0                                                                    |   14|          3|    1|          3|
    |output_45_address0                                                               |   20|          4|    3|         12|
    |output_45_ce0                                                                    |   20|          4|    1|          4|
    |output_45_ce1                                                                    |    9|          2|    1|          2|
    |output_45_d0                                                                     |   14|          3|   32|         96|
    |output_45_we0                                                                    |   14|          3|    1|          3|
    |output_46_address0                                                               |   20|          4|    3|         12|
    |output_46_ce0                                                                    |   20|          4|    1|          4|
    |output_46_ce1                                                                    |    9|          2|    1|          2|
    |output_46_d0                                                                     |   14|          3|   32|         96|
    |output_46_we0                                                                    |   14|          3|    1|          3|
    |output_47_address0                                                               |   20|          4|    3|         12|
    |output_47_ce0                                                                    |   20|          4|    1|          4|
    |output_47_ce1                                                                    |    9|          2|    1|          2|
    |output_47_d0                                                                     |   14|          3|   32|         96|
    |output_47_we0                                                                    |   14|          3|    1|          3|
    |output_48_address0                                                               |   20|          4|    3|         12|
    |output_48_ce0                                                                    |   20|          4|    1|          4|
    |output_48_ce1                                                                    |    9|          2|    1|          2|
    |output_48_d0                                                                     |   14|          3|   32|         96|
    |output_48_we0                                                                    |   14|          3|    1|          3|
    |output_49_address0                                                               |   20|          4|    3|         12|
    |output_49_ce0                                                                    |   20|          4|    1|          4|
    |output_49_ce1                                                                    |    9|          2|    1|          2|
    |output_49_d0                                                                     |   14|          3|   32|         96|
    |output_49_we0                                                                    |   14|          3|    1|          3|
    |output_4_address0                                                                |   20|          4|    3|         12|
    |output_4_ce0                                                                     |   20|          4|    1|          4|
    |output_4_ce1                                                                     |    9|          2|    1|          2|
    |output_4_d0                                                                      |   14|          3|   32|         96|
    |output_4_we0                                                                     |   14|          3|    1|          3|
    |output_50_address0                                                               |   20|          4|    3|         12|
    |output_50_ce0                                                                    |   20|          4|    1|          4|
    |output_50_ce1                                                                    |    9|          2|    1|          2|
    |output_50_d0                                                                     |   14|          3|   32|         96|
    |output_50_we0                                                                    |   14|          3|    1|          3|
    |output_51_address0                                                               |   20|          4|    3|         12|
    |output_51_ce0                                                                    |   20|          4|    1|          4|
    |output_51_ce1                                                                    |    9|          2|    1|          2|
    |output_51_d0                                                                     |   14|          3|   32|         96|
    |output_51_we0                                                                    |   14|          3|    1|          3|
    |output_52_address0                                                               |   20|          4|    3|         12|
    |output_52_ce0                                                                    |   20|          4|    1|          4|
    |output_52_ce1                                                                    |    9|          2|    1|          2|
    |output_52_d0                                                                     |   14|          3|   32|         96|
    |output_52_we0                                                                    |   14|          3|    1|          3|
    |output_53_address0                                                               |   20|          4|    3|         12|
    |output_53_ce0                                                                    |   20|          4|    1|          4|
    |output_53_ce1                                                                    |    9|          2|    1|          2|
    |output_53_d0                                                                     |   14|          3|   32|         96|
    |output_53_we0                                                                    |   14|          3|    1|          3|
    |output_54_address0                                                               |   20|          4|    3|         12|
    |output_54_ce0                                                                    |   20|          4|    1|          4|
    |output_54_ce1                                                                    |    9|          2|    1|          2|
    |output_54_d0                                                                     |   14|          3|   32|         96|
    |output_54_we0                                                                    |   14|          3|    1|          3|
    |output_55_address0                                                               |   20|          4|    3|         12|
    |output_55_ce0                                                                    |   20|          4|    1|          4|
    |output_55_ce1                                                                    |    9|          2|    1|          2|
    |output_55_d0                                                                     |   14|          3|   32|         96|
    |output_55_we0                                                                    |   14|          3|    1|          3|
    |output_56_address0                                                               |   20|          4|    3|         12|
    |output_56_ce0                                                                    |   20|          4|    1|          4|
    |output_56_ce1                                                                    |    9|          2|    1|          2|
    |output_56_d0                                                                     |   14|          3|   32|         96|
    |output_56_we0                                                                    |   14|          3|    1|          3|
    |output_57_address0                                                               |   20|          4|    3|         12|
    |output_57_ce0                                                                    |   20|          4|    1|          4|
    |output_57_ce1                                                                    |    9|          2|    1|          2|
    |output_57_d0                                                                     |   14|          3|   32|         96|
    |output_57_we0                                                                    |   14|          3|    1|          3|
    |output_58_address0                                                               |   20|          4|    3|         12|
    |output_58_ce0                                                                    |   20|          4|    1|          4|
    |output_58_ce1                                                                    |    9|          2|    1|          2|
    |output_58_d0                                                                     |   14|          3|   32|         96|
    |output_58_we0                                                                    |   14|          3|    1|          3|
    |output_59_address0                                                               |   20|          4|    3|         12|
    |output_59_ce0                                                                    |   20|          4|    1|          4|
    |output_59_ce1                                                                    |    9|          2|    1|          2|
    |output_59_d0                                                                     |   14|          3|   32|         96|
    |output_59_we0                                                                    |   14|          3|    1|          3|
    |output_5_address0                                                                |   20|          4|    3|         12|
    |output_5_ce0                                                                     |   20|          4|    1|          4|
    |output_5_ce1                                                                     |    9|          2|    1|          2|
    |output_5_d0                                                                      |   14|          3|   32|         96|
    |output_5_we0                                                                     |   14|          3|    1|          3|
    |output_60_address0                                                               |   20|          4|    3|         12|
    |output_60_ce0                                                                    |   20|          4|    1|          4|
    |output_60_ce1                                                                    |    9|          2|    1|          2|
    |output_60_d0                                                                     |   14|          3|   32|         96|
    |output_60_we0                                                                    |   14|          3|    1|          3|
    |output_61_address0                                                               |   20|          4|    3|         12|
    |output_61_ce0                                                                    |   20|          4|    1|          4|
    |output_61_ce1                                                                    |    9|          2|    1|          2|
    |output_61_d0                                                                     |   14|          3|   32|         96|
    |output_61_we0                                                                    |   14|          3|    1|          3|
    |output_62_address0                                                               |   20|          4|    3|         12|
    |output_62_ce0                                                                    |   20|          4|    1|          4|
    |output_62_ce1                                                                    |    9|          2|    1|          2|
    |output_62_d0                                                                     |   14|          3|   32|         96|
    |output_62_we0                                                                    |   14|          3|    1|          3|
    |output_63_address0                                                               |   20|          4|    3|         12|
    |output_63_ce0                                                                    |   20|          4|    1|          4|
    |output_63_ce1                                                                    |    9|          2|    1|          2|
    |output_63_d0                                                                     |   14|          3|   32|         96|
    |output_63_we0                                                                    |   14|          3|    1|          3|
    |output_64_address0                                                               |   20|          4|    3|         12|
    |output_64_ce0                                                                    |   20|          4|    1|          4|
    |output_64_ce1                                                                    |    9|          2|    1|          2|
    |output_64_d0                                                                     |   14|          3|   32|         96|
    |output_64_we0                                                                    |   14|          3|    1|          3|
    |output_65_address0                                                               |   20|          4|    3|         12|
    |output_65_ce0                                                                    |   20|          4|    1|          4|
    |output_65_ce1                                                                    |    9|          2|    1|          2|
    |output_65_d0                                                                     |   14|          3|   32|         96|
    |output_65_we0                                                                    |   14|          3|    1|          3|
    |output_66_address0                                                               |   20|          4|    3|         12|
    |output_66_ce0                                                                    |   20|          4|    1|          4|
    |output_66_ce1                                                                    |    9|          2|    1|          2|
    |output_66_d0                                                                     |   14|          3|   32|         96|
    |output_66_we0                                                                    |   14|          3|    1|          3|
    |output_67_address0                                                               |   20|          4|    3|         12|
    |output_67_ce0                                                                    |   20|          4|    1|          4|
    |output_67_ce1                                                                    |    9|          2|    1|          2|
    |output_67_d0                                                                     |   14|          3|   32|         96|
    |output_67_we0                                                                    |   14|          3|    1|          3|
    |output_68_address0                                                               |   20|          4|    3|         12|
    |output_68_ce0                                                                    |   20|          4|    1|          4|
    |output_68_ce1                                                                    |    9|          2|    1|          2|
    |output_68_d0                                                                     |   14|          3|   32|         96|
    |output_68_we0                                                                    |   14|          3|    1|          3|
    |output_68_we1                                                                    |    9|          2|    1|          2|
    |output_69_address0                                                               |   20|          4|    3|         12|
    |output_69_ce0                                                                    |   20|          4|    1|          4|
    |output_69_ce1                                                                    |    9|          2|    1|          2|
    |output_69_d0                                                                     |   14|          3|   32|         96|
    |output_69_we0                                                                    |   14|          3|    1|          3|
    |output_69_we1                                                                    |    9|          2|    1|          2|
    |output_6_address0                                                                |   20|          4|    3|         12|
    |output_6_ce0                                                                     |   20|          4|    1|          4|
    |output_6_ce1                                                                     |    9|          2|    1|          2|
    |output_6_d0                                                                      |   14|          3|   32|         96|
    |output_6_we0                                                                     |   14|          3|    1|          3|
    |output_70_address0                                                               |   20|          4|    3|         12|
    |output_70_ce0                                                                    |   20|          4|    1|          4|
    |output_70_ce1                                                                    |    9|          2|    1|          2|
    |output_70_d0                                                                     |   14|          3|   32|         96|
    |output_70_we0                                                                    |   14|          3|    1|          3|
    |output_70_we1                                                                    |    9|          2|    1|          2|
    |output_71_address0                                                               |   20|          4|    3|         12|
    |output_71_ce0                                                                    |   20|          4|    1|          4|
    |output_71_ce1                                                                    |    9|          2|    1|          2|
    |output_71_d0                                                                     |   14|          3|   32|         96|
    |output_71_we0                                                                    |   14|          3|    1|          3|
    |output_71_we1                                                                    |    9|          2|    1|          2|
    |output_72_address0                                                               |   20|          4|    3|         12|
    |output_72_ce0                                                                    |   20|          4|    1|          4|
    |output_72_ce1                                                                    |    9|          2|    1|          2|
    |output_72_d0                                                                     |   14|          3|   32|         96|
    |output_72_we0                                                                    |   14|          3|    1|          3|
    |output_72_we1                                                                    |    9|          2|    1|          2|
    |output_73_address0                                                               |   20|          4|    3|         12|
    |output_73_ce0                                                                    |   20|          4|    1|          4|
    |output_73_ce1                                                                    |    9|          2|    1|          2|
    |output_73_d0                                                                     |   14|          3|   32|         96|
    |output_73_we0                                                                    |   14|          3|    1|          3|
    |output_73_we1                                                                    |    9|          2|    1|          2|
    |output_7_address0                                                                |   20|          4|    3|         12|
    |output_7_ce0                                                                     |   20|          4|    1|          4|
    |output_7_ce1                                                                     |    9|          2|    1|          2|
    |output_7_d0                                                                      |   14|          3|   32|         96|
    |output_7_we0                                                                     |   14|          3|    1|          3|
    |output_8_address0                                                                |   20|          4|    3|         12|
    |output_8_ce0                                                                     |   20|          4|    1|          4|
    |output_8_ce1                                                                     |    9|          2|    1|          2|
    |output_8_d0                                                                      |   14|          3|   32|         96|
    |output_8_we0                                                                     |   14|          3|    1|          3|
    |output_9_address0                                                                |   20|          4|    3|         12|
    |output_9_ce0                                                                     |   20|          4|    1|          4|
    |output_9_ce1                                                                     |    9|          2|    1|          2|
    |output_9_d0                                                                      |   14|          3|   32|         96|
    |output_9_we0                                                                     |   14|          3|    1|          3|
    |output_address0                                                                  |   20|          4|    3|         12|
    |output_ce0                                                                       |   20|          4|    1|          4|
    |output_ce1                                                                       |    9|          2|    1|          2|
    |output_d0                                                                        |   14|          3|   32|         96|
    |output_we0                                                                       |   14|          3|    1|          3|
    |ram_ARADDR                                                                       |   14|          3|   64|        192|
    |ram_ARLEN                                                                        |   14|          3|   32|         96|
    |ram_ARVALID                                                                      |   14|          3|    1|          3|
    |ram_RREADY                                                                       |    9|          2|    1|          2|
    |ram_blk_n_AR                                                                     |    9|          2|    1|          2|
    |syfala_ap_int_512_int_bool_float_const_float_int_bool_bool_bool_input_0_reg_419  |    9|          2|    7|         14|
    +---------------------------------------------------------------------------------+-----+-----------+-----+-----------+
    |Total                                                                            | 6070|       1267| 2992|       9221|
    +---------------------------------------------------------------------------------+-----+-----------+-----+-----------+

    * Register: 
    +---------------------------------------------------------------------------------+----+----+-----+-----------+
    |                                       Name                                      | FF | LUT| Bits| Const Bits|
    +---------------------------------------------------------------------------------+----+----+-----+-----------+
    |ap_CS_fsm                                                                        |  42|   0|   42|          0|
    |grp_syfala_Pipeline_1_fu_433_ap_start_reg                                        |   1|   0|    1|          0|
    |grp_syfala_Pipeline_VITIS_LOOP_49_1_fu_585_ap_start_reg                          |   1|   0|    1|          0|
    |grp_syfala_Pipeline_VITIS_LOOP_72_3_VITIS_LOOP_73_4_fu_672_ap_start_reg          |   1|   0|    1|          0|
    |icmp_ln35_reg_790                                                                |   1|   0|    1|          0|
    |initialization                                                                   |   1|   0|    1|          0|
    |syfala_ap_int_512_int_bool_float_const_float_int_bool_bool_bool_input_0_reg_419  |   7|   0|   32|         25|
    |trunc_ln_reg_797                                                                 |  58|   0|   58|          0|
    +---------------------------------------------------------------------------------+----+----+-----+-----------+
    |Total                                                                            | 112|   0|  137|         25|
    +---------------------------------------------------------------------------------+----+----+-----+-----------+



================================================================
== Interface
================================================================
* Summary: 
+-----------------------+-----+-----+------------+--------------+--------------+
|       RTL Ports       | Dir | Bits|  Protocol  | Source Object|    C Type    |
+-----------------------+-----+-----+------------+--------------+--------------+
|s_axi_control_AWVALID  |   in|    1|       s_axi|       control|        scalar|
|s_axi_control_AWREADY  |  out|    1|       s_axi|       control|        scalar|
|s_axi_control_AWADDR   |   in|    6|       s_axi|       control|        scalar|
|s_axi_control_WVALID   |   in|    1|       s_axi|       control|        scalar|
|s_axi_control_WREADY   |  out|    1|       s_axi|       control|        scalar|
|s_axi_control_WDATA    |   in|   32|       s_axi|       control|        scalar|
|s_axi_control_WSTRB    |   in|    4|       s_axi|       control|        scalar|
|s_axi_control_ARVALID  |   in|    1|       s_axi|       control|        scalar|
|s_axi_control_ARREADY  |  out|    1|       s_axi|       control|        scalar|
|s_axi_control_ARADDR   |   in|    6|       s_axi|       control|        scalar|
|s_axi_control_RVALID   |  out|    1|       s_axi|       control|        scalar|
|s_axi_control_RREADY   |   in|    1|       s_axi|       control|        scalar|
|s_axi_control_RDATA    |  out|   32|       s_axi|       control|        scalar|
|s_axi_control_RRESP    |  out|    2|       s_axi|       control|        scalar|
|s_axi_control_BVALID   |  out|    1|       s_axi|       control|        scalar|
|s_axi_control_BREADY   |   in|    1|       s_axi|       control|        scalar|
|s_axi_control_BRESP    |  out|    2|       s_axi|       control|        scalar|
|ap_clk                 |   in|    1|  ap_ctrl_hs|        syfala|  return value|
|ap_rst_n               |   in|    1|  ap_ctrl_hs|        syfala|  return value|
|ap_start               |   in|    1|  ap_ctrl_hs|        syfala|  return value|
|ap_done                |  out|    1|  ap_ctrl_hs|        syfala|  return value|
|ap_idle                |  out|    1|  ap_ctrl_hs|        syfala|  return value|
|ap_ready               |  out|    1|  ap_ctrl_hs|        syfala|  return value|
|m_axi_ram_AWVALID      |  out|    1|       m_axi|           ram|       pointer|
|m_axi_ram_AWREADY      |   in|    1|       m_axi|           ram|       pointer|
|m_axi_ram_AWADDR       |  out|   64|       m_axi|           ram|       pointer|
|m_axi_ram_AWID         |  out|    1|       m_axi|           ram|       pointer|
|m_axi_ram_AWLEN        |  out|    8|       m_axi|           ram|       pointer|
|m_axi_ram_AWSIZE       |  out|    3|       m_axi|           ram|       pointer|
|m_axi_ram_AWBURST      |  out|    2|       m_axi|           ram|       pointer|
|m_axi_ram_AWLOCK       |  out|    2|       m_axi|           ram|       pointer|
|m_axi_ram_AWCACHE      |  out|    4|       m_axi|           ram|       pointer|
|m_axi_ram_AWPROT       |  out|    3|       m_axi|           ram|       pointer|
|m_axi_ram_AWQOS        |  out|    4|       m_axi|           ram|       pointer|
|m_axi_ram_AWREGION     |  out|    4|       m_axi|           ram|       pointer|
|m_axi_ram_AWUSER       |  out|    1|       m_axi|           ram|       pointer|
|m_axi_ram_WVALID       |  out|    1|       m_axi|           ram|       pointer|
|m_axi_ram_WREADY       |   in|    1|       m_axi|           ram|       pointer|
|m_axi_ram_WDATA        |  out|  512|       m_axi|           ram|       pointer|
|m_axi_ram_WSTRB        |  out|   64|       m_axi|           ram|       pointer|
|m_axi_ram_WLAST        |  out|    1|       m_axi|           ram|       pointer|
|m_axi_ram_WID          |  out|    1|       m_axi|           ram|       pointer|
|m_axi_ram_WUSER        |  out|    1|       m_axi|           ram|       pointer|
|m_axi_ram_ARVALID      |  out|    1|       m_axi|           ram|       pointer|
|m_axi_ram_ARREADY      |   in|    1|       m_axi|           ram|       pointer|
|m_axi_ram_ARADDR       |  out|   64|       m_axi|           ram|       pointer|
|m_axi_ram_ARID         |  out|    1|       m_axi|           ram|       pointer|
|m_axi_ram_ARLEN        |  out|    8|       m_axi|           ram|       pointer|
|m_axi_ram_ARSIZE       |  out|    3|       m_axi|           ram|       pointer|
|m_axi_ram_ARBURST      |  out|    2|       m_axi|           ram|       pointer|
|m_axi_ram_ARLOCK       |  out|    2|       m_axi|           ram|       pointer|
|m_axi_ram_ARCACHE      |  out|    4|       m_axi|           ram|       pointer|
|m_axi_ram_ARPROT       |  out|    3|       m_axi|           ram|       pointer|
|m_axi_ram_ARQOS        |  out|    4|       m_axi|           ram|       pointer|
|m_axi_ram_ARREGION     |  out|    4|       m_axi|           ram|       pointer|
|m_axi_ram_ARUSER       |  out|    1|       m_axi|           ram|       pointer|
|m_axi_ram_RVALID       |   in|    1|       m_axi|           ram|       pointer|
|m_axi_ram_RREADY       |  out|    1|       m_axi|           ram|       pointer|
|m_axi_ram_RDATA        |   in|  512|       m_axi|           ram|       pointer|
|m_axi_ram_RLAST        |   in|    1|       m_axi|           ram|       pointer|
|m_axi_ram_RID          |   in|    1|       m_axi|           ram|       pointer|
|m_axi_ram_RUSER        |   in|    1|       m_axi|           ram|       pointer|
|m_axi_ram_RRESP        |   in|    2|       m_axi|           ram|       pointer|
|m_axi_ram_BVALID       |   in|    1|       m_axi|           ram|       pointer|
|m_axi_ram_BREADY       |  out|    1|       m_axi|           ram|       pointer|
|m_axi_ram_BRESP        |   in|    2|       m_axi|           ram|       pointer|
|m_axi_ram_BID          |   in|    1|       m_axi|           ram|       pointer|
|m_axi_ram_BUSER        |   in|    1|       m_axi|           ram|       pointer|
|audio_out_0_din        |  out|   24|     ap_fifo|   audio_out_0|       pointer|
|audio_out_0_full_n     |   in|    1|     ap_fifo|   audio_out_0|       pointer|
|audio_out_0_write      |  out|    1|     ap_fifo|   audio_out_0|       pointer|
|audio_out_1_din        |  out|   24|     ap_fifo|   audio_out_1|       pointer|
|audio_out_1_full_n     |   in|    1|     ap_fifo|   audio_out_1|       pointer|
|audio_out_1_write      |  out|    1|     ap_fifo|   audio_out_1|       pointer|
|i2s_rst                |   in|    1|     ap_none|       i2s_rst|       pointer|
|bypass                 |   in|    1|     ap_none|        bypass|        scalar|
|mute                   |   in|    1|     ap_none|          mute|        scalar|
|debug                  |   in|    1|     ap_none|         debug|        scalar|
+-----------------------+-----+-----+------------+--------------+--------------+

